[2016-11-11 17:06:21] development.ERROR: exception 'Symfony\Component\Console\Exception\RuntimeException' with message 'Not enough arguments (missing: "name").' in C:\Users\uzytkownik\development\satelizer_clone\vendor\symfony\console\Input\Input.php:83
Stack trace:
#0 C:\Users\uzytkownik\development\satelizer_clone\vendor\symfony\console\Command\Command.php(251): Symfony\Component\Console\Input\Input->validate()
#1 C:\Users\uzytkownik\development\satelizer_clone\vendor\laravel\framework\src\Illuminate\Console\Command.php(155): Symfony\Component\Console\Command\Command->run(Object(Symfony\Component\Console\Input\ArgvInput), Object(Symfony\Component\Console\Output\ConsoleOutput))
#2 C:\Users\uzytkownik\development\satelizer_clone\vendor\symfony\console\Application.php(794): Illuminate\Console\Command->run(Object(Symfony\Component\Console\Input\ArgvInput), Object(Symfony\Component\Console\Output\ConsoleOutput))
#3 C:\Users\uzytkownik\development\satelizer_clone\vendor\symfony\console\Application.php(186): Symfony\Component\Console\Application->doRunCommand(Object(Illuminate\Database\Console\Migrations\MigrateMakeCommand), Object(Symfony\Component\Console\Input\ArgvInput), Object(Symfony\Component\Console\Output\ConsoleOutput))
#4 C:\Users\uzytkownik\development\satelizer_clone\vendor\symfony\console\Application.php(117): Symfony\Component\Console\Application->doRun(Object(Symfony\Component\Console\Input\ArgvInput), Object(Symfony\Component\Console\Output\ConsoleOutput))
#5 C:\Users\uzytkownik\development\satelizer_clone\vendor\laravel\framework\src\Illuminate\Foundation\Console\Kernel.php(107): Symfony\Component\Console\Application->run(Object(Symfony\Component\Console\Input\ArgvInput), Object(Symfony\Component\Console\Output\ConsoleOutput))
#6 C:\Users\uzytkownik\development\satelizer_clone\artisan(36): Illuminate\Foundation\Console\Kernel->handle(Object(Symfony\Component\Console\Input\ArgvInput), Object(Symfony\Component\Console\Output\ConsoleOutput))
#7 {main}  
[2016-11-11 17:08:22] development.ERROR: exception 'Symfony\Component\Debug\Exception\FatalErrorException' with message 'Class 'CreatePasswordResetsTable' not found' in C:\Users\uzytkownik\development\satelizer_clone\vendor\laravel\framework\src\Illuminate\Database\Migrations\Migrator.php:335
Stack trace:
#0 {main}  
[2016-11-11 18:03:35] development.ERROR: exception 'ErrorException' with message 'preg_replace(): Parameter mismatch, pattern is a string while replacement is an array' in C:\Users\uzytkownik\development\satelizer_clone\vendor\laravel\framework\src\Illuminate\Support\helpers.php:747
Stack trace:
#0 [internal function]: Illuminate\Foundation\Bootstrap\HandleExceptions->handleError(2, 'preg_replace():...', 'C:\\Users\\uzytko...', 747, Array)
#1 C:\Users\uzytkownik\development\satelizer_clone\vendor\laravel\framework\src\Illuminate\Support\helpers.php(747): preg_replace('/\\?/', Array, 'update "users" ...', 1)
#2 C:\Users\uzytkownik\development\satelizer_clone\vendor\laravel\framework\src\Illuminate\Database\QueryException.php(56): str_replace_array('\\?', Array, 'update "users" ...')
#3 C:\Users\uzytkownik\development\satelizer_clone\vendor\laravel\framework\src\Illuminate\Database\QueryException.php(39): Illuminate\Database\QueryException->formatMessage('update "users" ...', Array, Object(ErrorException))
#4 C:\Users\uzytkownik\development\satelizer_clone\vendor\laravel\framework\src\Illuminate\Database\Connection.php(731): Illuminate\Database\QueryException->__construct('update "users" ...', Array, Object(ErrorException))
#5 C:\Users\uzytkownik\development\satelizer_clone\vendor\laravel\framework\src\Illuminate\Database\Connection.php(685): Illuminate\Database\Connection->runQueryCallback('update "users" ...', Array, Object(Closure))
#6 C:\Users\uzytkownik\development\satelizer_clone\vendor\laravel\framework\src\Illuminate\Database\Connection.php(483): Illuminate\Database\Connection->run('update "users" ...', Array, Object(Closure))
#7 C:\Users\uzytkownik\development\satelizer_clone\vendor\laravel\framework\src\Illuminate\Database\Connection.php(426): Illuminate\Database\Connection->affectingStatement('update "users" ...', Array)
#8 C:\Users\uzytkownik\development\satelizer_clone\vendor\laravel\framework\src\Illuminate\Database\Query\Builder.php(2124): Illuminate\Database\Connection->update('update "users" ...', Array)
#9 C:\Users\uzytkownik\development\satelizer_clone\vendor\laravel\framework\src\Illuminate\Database\Eloquent\Builder.php(532): Illuminate\Database\Query\Builder->update(Array)
#10 C:\Users\uzytkownik\development\satelizer_clone\vendor\laravel\framework\src\Illuminate\Database\Eloquent\Model.php(1562): Illuminate\Database\Eloquent\Builder->update(Array)
#11 C:\Users\uzytkownik\development\satelizer_clone\vendor\laravel\framework\src\Illuminate\Database\Eloquent\Model.php(1481): Illuminate\Database\Eloquent\Model->performUpdate(Object(Illuminate\Database\Eloquent\Builder), Array)
#12 C:\Users\uzytkownik\development\satelizer_clone\app\Http\Controllers\UserController.php(42): Illuminate\Database\Eloquent\Model->save()
#13 [internal function]: App\Http\Controllers\UserController->updateUser(Object(Illuminate\Http\Request))
#14 C:\Users\uzytkownik\development\satelizer_clone\vendor\laravel\framework\src\Illuminate\Routing\Controller.php(80): call_user_func_array(Array, Array)
#15 C:\Users\uzytkownik\development\satelizer_clone\vendor\laravel\framework\src\Illuminate\Routing\ControllerDispatcher.php(146): Illuminate\Routing\Controller->callAction('updateUser', Array)
#16 C:\Users\uzytkownik\development\satelizer_clone\vendor\laravel\framework\src\Illuminate\Routing\ControllerDispatcher.php(94): Illuminate\Routing\ControllerDispatcher->call(Object(App\Http\Controllers\UserController), Object(Illuminate\Routing\Route), 'updateUser')
#17 [internal function]: Illuminate\Routing\ControllerDispatcher->Illuminate\Routing\{closure}(Object(Illuminate\Http\Request))
#18 C:\Users\uzytkownik\development\satelizer_clone\vendor\laravel\framework\src\Illuminate\Routing\Pipeline.php(52): call_user_func(Object(Closure), Object(Illuminate\Http\Request))
#19 [internal function]: Illuminate\Routing\Pipeline->Illuminate\Routing\{closure}(Object(Illuminate\Http\Request))
#20 C:\Users\uzytkownik\development\satelizer_clone\vendor\laravel\framework\src\Illuminate\Pipeline\Pipeline.php(103): call_user_func(Object(Closure), Object(Illuminate\Http\Request))
#21 C:\Users\uzytkownik\development\satelizer_clone\vendor\laravel\framework\src\Illuminate\Routing\ControllerDispatcher.php(96): Illuminate\Pipeline\Pipeline->then(Object(Closure))
#22 C:\Users\uzytkownik\development\satelizer_clone\vendor\laravel\framework\src\Illuminate\Routing\ControllerDispatcher.php(54): Illuminate\Routing\ControllerDispatcher->callWithinStack(Object(App\Http\Controllers\UserController), Object(Illuminate\Routing\Route), Object(Illuminate\Http\Request), 'updateUser')
#23 C:\Users\uzytkownik\development\satelizer_clone\vendor\laravel\framework\src\Illuminate\Routing\Route.php(174): Illuminate\Routing\ControllerDispatcher->dispatch(Object(Illuminate\Routing\Route), Object(Illuminate\Http\Request), 'App\\Http\\Contro...', 'updateUser')
#24 C:\Users\uzytkownik\development\satelizer_clone\vendor\laravel\framework\src\Illuminate\Routing\Route.php(140): Illuminate\Routing\Route->runController(Object(Illuminate\Http\Request))
#25 C:\Users\uzytkownik\development\satelizer_clone\vendor\laravel\framework\src\Illuminate\Routing\Router.php(724): Illuminate\Routing\Route->run(Object(Illuminate\Http\Request))
#26 [internal function]: Illuminate\Routing\Router->Illuminate\Routing\{closure}(Object(Illuminate\Http\Request))
#27 C:\Users\uzytkownik\development\satelizer_clone\vendor\laravel\framework\src\Illuminate\Routing\Pipeline.php(52): call_user_func(Object(Closure), Object(Illuminate\Http\Request))
#28 C:\Users\uzytkownik\development\satelizer_clone\app\Http\Middleware\Authenticate.php(49): Illuminate\Routing\Pipeline->Illuminate\Routing\{closure}(Object(Illuminate\Http\Request))
#29 [internal function]: App\Http\Middleware\Authenticate->handle(Object(Illuminate\Http\Request), Object(Closure))
#30 C:\Users\uzytkownik\development\satelizer_clone\vendor\laravel\framework\src\Illuminate\Pipeline\Pipeline.php(136): call_user_func_array(Array, Array)
#31 [internal function]: Illuminate\Pipeline\Pipeline->Illuminate\Pipeline\{closure}(Object(Illuminate\Http\Request))
#32 C:\Users\uzytkownik\development\satelizer_clone\vendor\laravel\framework\src\Illuminate\Routing\Pipeline.php(32): call_user_func(Object(Closure), Object(Illuminate\Http\Request))
#33 [internal function]: Illuminate\Routing\Pipeline->Illuminate\Routing\{closure}(Object(Illuminate\Http\Request))
#34 C:\Users\uzytkownik\development\satelizer_clone\vendor\laravel\framework\src\Illuminate\Pipeline\Pipeline.php(103): call_user_func(Object(Closure), Object(Illuminate\Http\Request))
#35 C:\Users\uzytkownik\development\satelizer_clone\vendor\laravel\framework\src\Illuminate\Routing\Router.php(726): Illuminate\Pipeline\Pipeline->then(Object(Closure))
#36 C:\Users\uzytkownik\development\satelizer_clone\vendor\laravel\framework\src\Illuminate\Routing\Router.php(699): Illuminate\Routing\Router->runRouteWithinStack(Object(Illuminate\Routing\Route), Object(Illuminate\Http\Request))
#37 C:\Users\uzytkownik\development\satelizer_clone\vendor\laravel\framework\src\Illuminate\Routing\Router.php(675): Illuminate\Routing\Router->dispatchToRoute(Object(Illuminate\Http\Request))
#38 C:\Users\uzytkownik\development\satelizer_clone\vendor\laravel\framework\src\Illuminate\Foundation\Http\Kernel.php(246): Illuminate\Routing\Router->dispatch(Object(Illuminate\Http\Request))
#39 [internal function]: Illuminate\Foundation\Http\Kernel->Illuminate\Foundation\Http\{closure}(Object(Illuminate\Http\Request))
#40 C:\Users\uzytkownik\development\satelizer_clone\vendor\laravel\framework\src\Illuminate\Routing\Pipeline.php(52): call_user_func(Object(Closure), Object(Illuminate\Http\Request))
#41 C:\Users\uzytkownik\development\satelizer_clone\vendor\laravel\framework\src\Illuminate\View\Middleware\ShareErrorsFromSession.php(49): Illuminate\Routing\Pipeline->Illuminate\Routing\{closure}(Object(Illuminate\Http\Request))
#42 [internal function]: Illuminate\View\Middleware\ShareErrorsFromSession->handle(Object(Illuminate\Http\Request), Object(Closure))
#43 C:\Users\uzytkownik\development\satelizer_clone\vendor\laravel\framework\src\Illuminate\Pipeline\Pipeline.php(136): call_user_func_array(Array, Array)
#44 [internal function]: Illuminate\Pipeline\Pipeline->Illuminate\Pipeline\{closure}(Object(Illuminate\Http\Request))
#45 C:\Users\uzytkownik\development\satelizer_clone\vendor\laravel\framework\src\Illuminate\Routing\Pipeline.php(32): call_user_func(Object(Closure), Object(Illuminate\Http\Request))
#46 C:\Users\uzytkownik\development\satelizer_clone\vendor\laravel\framework\src\Illuminate\Session\Middleware\StartSession.php(64): Illuminate\Routing\Pipeline->Illuminate\Routing\{closure}(Object(Illuminate\Http\Request))
#47 [internal function]: Illuminate\Session\Middleware\StartSession->handle(Object(Illuminate\Http\Request), Object(Closure))
#48 C:\Users\uzytkownik\development\satelizer_clone\vendor\laravel\framework\src\Illuminate\Pipeline\Pipeline.php(136): call_user_func_array(Array, Array)
#49 [internal function]: Illuminate\Pipeline\Pipeline->Illuminate\Pipeline\{closure}(Object(Illuminate\Http\Request))
#50 C:\Users\uzytkownik\development\satelizer_clone\vendor\laravel\framework\src\Illuminate\Routing\Pipeline.php(32): call_user_func(Object(Closure), Object(Illuminate\Http\Request))
#51 C:\Users\uzytkownik\development\satelizer_clone\vendor\laravel\framework\src\Illuminate\Cookie\Middleware\AddQueuedCookiesToResponse.php(37): Illuminate\Routing\Pipeline->Illuminate\Routing\{closure}(Object(Illuminate\Http\Request))
#52 [internal function]: Illuminate\Cookie\Middleware\AddQueuedCookiesToResponse->handle(Object(Illuminate\Http\Request), Object(Closure))
#53 C:\Users\uzytkownik\development\satelizer_clone\vendor\laravel\framework\src\Illuminate\Pipeline\Pipeline.php(136): call_user_func_array(Array, Array)
#54 [internal function]: Illuminate\Pipeline\Pipeline->Illuminate\Pipeline\{closure}(Object(Illuminate\Http\Request))
#55 C:\Users\uzytkownik\development\satelizer_clone\vendor\laravel\framework\src\Illuminate\Routing\Pipeline.php(32): call_user_func(Object(Closure), Object(Illuminate\Http\Request))
#56 C:\Users\uzytkownik\development\satelizer_clone\vendor\laravel\framework\src\Illuminate\Cookie\Middleware\EncryptCookies.php(59): Illuminate\Routing\Pipeline->Illuminate\Routing\{closure}(Object(Illuminate\Http\Request))
#57 [internal function]: Illuminate\Cookie\Middleware\EncryptCookies->handle(Object(Illuminate\Http\Request), Object(Closure))
#58 C:\Users\uzytkownik\development\satelizer_clone\vendor\laravel\framework\src\Illuminate\Pipeline\Pipeline.php(136): call_user_func_array(Array, Array)
#59 [internal function]: Illuminate\Pipeline\Pipeline->Illuminate\Pipeline\{closure}(Object(Illuminate\Http\Request))
#60 C:\Users\uzytkownik\development\satelizer_clone\vendor\laravel\framework\src\Illuminate\Routing\Pipeline.php(32): call_user_func(Object(Closure), Object(Illuminate\Http\Request))
#61 C:\Users\uzytkownik\development\satelizer_clone\vendor\laravel\framework\src\Illuminate\Foundation\Http\Middleware\CheckForMaintenanceMode.php(44): Illuminate\Routing\Pipeline->Illuminate\Routing\{closure}(Object(Illuminate\Http\Request))
#62 [internal function]: Illuminate\Foundation\Http\Middleware\CheckForMaintenanceMode->handle(Object(Illuminate\Http\Request), Object(Closure))
#63 C:\Users\uzytkownik\development\satelizer_clone\vendor\laravel\framework\src\Illuminate\Pipeline\Pipeline.php(136): call_user_func_array(Array, Array)
#64 [internal function]: Illuminate\Pipeline\Pipeline->Illuminate\Pipeline\{closure}(Object(Illuminate\Http\Request))
#65 C:\Users\uzytkownik\development\satelizer_clone\vendor\laravel\framework\src\Illuminate\Routing\Pipeline.php(32): call_user_func(Object(Closure), Object(Illuminate\Http\Request))
#66 [internal function]: Illuminate\Routing\Pipeline->Illuminate\Routing\{closure}(Object(Illuminate\Http\Request))
#67 C:\Users\uzytkownik\development\satelizer_clone\vendor\laravel\framework\src\Illuminate\Pipeline\Pipeline.php(103): call_user_func(Object(Closure), Object(Illuminate\Http\Request))
#68 C:\Users\uzytkownik\development\satelizer_clone\vendor\laravel\framework\src\Illuminate\Foundation\Http\Kernel.php(132): Illuminate\Pipeline\Pipeline->then(Object(Closure))
#69 C:\Users\uzytkownik\development\satelizer_clone\vendor\laravel\framework\src\Illuminate\Foundation\Http\Kernel.php(99): Illuminate\Foundation\Http\Kernel->sendRequestThroughRouter(Object(Illuminate\Http\Request))
#70 C:\Users\uzytkownik\development\satelizer_clone\public\index.php(54): Illuminate\Foundation\Http\Kernel->handle(Object(Illuminate\Http\Request))
#71 C:\Users\uzytkownik\development\satelizer_clone\server.php(21): require_once('C:\\Users\\uzytko...')
#72 {main}  
[2016-11-11 18:43:13] development.ERROR: exception 'ErrorException' with message 'preg_replace(): Parameter mismatch, pattern is a string while replacement is an array' in C:\Users\uzytkownik\development\satelizer_clone\vendor\laravel\framework\src\Illuminate\Support\helpers.php:747
Stack trace:
#0 [internal function]: Illuminate\Foundation\Bootstrap\HandleExceptions->handleError(2, 'preg_replace():...', 'C:\\Users\\uzytko...', 747, Array)
#1 C:\Users\uzytkownik\development\satelizer_clone\vendor\laravel\framework\src\Illuminate\Support\helpers.php(747): preg_replace('/\\?/', Array, 'update "users" ...', 1)
#2 C:\Users\uzytkownik\development\satelizer_clone\vendor\laravel\framework\src\Illuminate\Database\QueryException.php(56): str_replace_array('\\?', Array, 'update "users" ...')
#3 C:\Users\uzytkownik\development\satelizer_clone\vendor\laravel\framework\src\Illuminate\Database\QueryException.php(39): Illuminate\Database\QueryException->formatMessage('update "users" ...', Array, Object(ErrorException))
#4 C:\Users\uzytkownik\development\satelizer_clone\vendor\laravel\framework\src\Illuminate\Database\Connection.php(731): Illuminate\Database\QueryException->__construct('update "users" ...', Array, Object(ErrorException))
#5 C:\Users\uzytkownik\development\satelizer_clone\vendor\laravel\framework\src\Illuminate\Database\Connection.php(685): Illuminate\Database\Connection->runQueryCallback('update "users" ...', Array, Object(Closure))
#6 C:\Users\uzytkownik\development\satelizer_clone\vendor\laravel\framework\src\Illuminate\Database\Connection.php(483): Illuminate\Database\Connection->run('update "users" ...', Array, Object(Closure))
#7 C:\Users\uzytkownik\development\satelizer_clone\vendor\laravel\framework\src\Illuminate\Database\Connection.php(426): Illuminate\Database\Connection->affectingStatement('update "users" ...', Array)
#8 C:\Users\uzytkownik\development\satelizer_clone\vendor\laravel\framework\src\Illuminate\Database\Query\Builder.php(2124): Illuminate\Database\Connection->update('update "users" ...', Array)
#9 C:\Users\uzytkownik\development\satelizer_clone\vendor\laravel\framework\src\Illuminate\Database\Eloquent\Builder.php(532): Illuminate\Database\Query\Builder->update(Array)
#10 C:\Users\uzytkownik\development\satelizer_clone\vendor\laravel\framework\src\Illuminate\Database\Eloquent\Model.php(1562): Illuminate\Database\Eloquent\Builder->update(Array)
#11 C:\Users\uzytkownik\development\satelizer_clone\vendor\laravel\framework\src\Illuminate\Database\Eloquent\Model.php(1481): Illuminate\Database\Eloquent\Model->performUpdate(Object(Illuminate\Database\Eloquent\Builder), Array)
#12 C:\Users\uzytkownik\development\satelizer_clone\app\Http\Controllers\UserController.php(42): Illuminate\Database\Eloquent\Model->save()
#13 [internal function]: App\Http\Controllers\UserController->updateUser(Object(Illuminate\Http\Request))
#14 C:\Users\uzytkownik\development\satelizer_clone\vendor\laravel\framework\src\Illuminate\Routing\Controller.php(80): call_user_func_array(Array, Array)
#15 C:\Users\uzytkownik\development\satelizer_clone\vendor\laravel\framework\src\Illuminate\Routing\ControllerDispatcher.php(146): Illuminate\Routing\Controller->callAction('updateUser', Array)
#16 C:\Users\uzytkownik\development\satelizer_clone\vendor\laravel\framework\src\Illuminate\Routing\ControllerDispatcher.php(94): Illuminate\Routing\ControllerDispatcher->call(Object(App\Http\Controllers\UserController), Object(Illuminate\Routing\Route), 'updateUser')
#17 [internal function]: Illuminate\Routing\ControllerDispatcher->Illuminate\Routing\{closure}(Object(Illuminate\Http\Request))
#18 C:\Users\uzytkownik\development\satelizer_clone\vendor\laravel\framework\src\Illuminate\Routing\Pipeline.php(52): call_user_func(Object(Closure), Object(Illuminate\Http\Request))
#19 [internal function]: Illuminate\Routing\Pipeline->Illuminate\Routing\{closure}(Object(Illuminate\Http\Request))
#20 C:\Users\uzytkownik\development\satelizer_clone\vendor\laravel\framework\src\Illuminate\Pipeline\Pipeline.php(103): call_user_func(Object(Closure), Object(Illuminate\Http\Request))
#21 C:\Users\uzytkownik\development\satelizer_clone\vendor\laravel\framework\src\Illuminate\Routing\ControllerDispatcher.php(96): Illuminate\Pipeline\Pipeline->then(Object(Closure))
#22 C:\Users\uzytkownik\development\satelizer_clone\vendor\laravel\framework\src\Illuminate\Routing\ControllerDispatcher.php(54): Illuminate\Routing\ControllerDispatcher->callWithinStack(Object(App\Http\Controllers\UserController), Object(Illuminate\Routing\Route), Object(Illuminate\Http\Request), 'updateUser')
#23 C:\Users\uzytkownik\development\satelizer_clone\vendor\laravel\framework\src\Illuminate\Routing\Route.php(174): Illuminate\Routing\ControllerDispatcher->dispatch(Object(Illuminate\Routing\Route), Object(Illuminate\Http\Request), 'App\\Http\\Contro...', 'updateUser')
#24 C:\Users\uzytkownik\development\satelizer_clone\vendor\laravel\framework\src\Illuminate\Routing\Route.php(140): Illuminate\Routing\Route->runController(Object(Illuminate\Http\Request))
#25 C:\Users\uzytkownik\development\satelizer_clone\vendor\laravel\framework\src\Illuminate\Routing\Router.php(724): Illuminate\Routing\Route->run(Object(Illuminate\Http\Request))
#26 [internal function]: Illuminate\Routing\Router->Illuminate\Routing\{closure}(Object(Illuminate\Http\Request))
#27 C:\Users\uzytkownik\development\satelizer_clone\vendor\laravel\framework\src\Illuminate\Routing\Pipeline.php(52): call_user_func(Object(Closure), Object(Illuminate\Http\Request))
#28 C:\Users\uzytkownik\development\satelizer_clone\app\Http\Middleware\Authenticate.php(49): Illuminate\Routing\Pipeline->Illuminate\Routing\{closure}(Object(Illuminate\Http\Request))
#29 [internal function]: App\Http\Middleware\Authenticate->handle(Object(Illuminate\Http\Request), Object(Closure))
#30 C:\Users\uzytkownik\development\satelizer_clone\vendor\laravel\framework\src\Illuminate\Pipeline\Pipeline.php(136): call_user_func_array(Array, Array)
#31 [internal function]: Illuminate\Pipeline\Pipeline->Illuminate\Pipeline\{closure}(Object(Illuminate\Http\Request))
#32 C:\Users\uzytkownik\development\satelizer_clone\vendor\laravel\framework\src\Illuminate\Routing\Pipeline.php(32): call_user_func(Object(Closure), Object(Illuminate\Http\Request))
#33 [internal function]: Illuminate\Routing\Pipeline->Illuminate\Routing\{closure}(Object(Illuminate\Http\Request))
#34 C:\Users\uzytkownik\development\satelizer_clone\vendor\laravel\framework\src\Illuminate\Pipeline\Pipeline.php(103): call_user_func(Object(Closure), Object(Illuminate\Http\Request))
#35 C:\Users\uzytkownik\development\satelizer_clone\vendor\laravel\framework\src\Illuminate\Routing\Router.php(726): Illuminate\Pipeline\Pipeline->then(Object(Closure))
#36 C:\Users\uzytkownik\development\satelizer_clone\vendor\laravel\framework\src\Illuminate\Routing\Router.php(699): Illuminate\Routing\Router->runRouteWithinStack(Object(Illuminate\Routing\Route), Object(Illuminate\Http\Request))
#37 C:\Users\uzytkownik\development\satelizer_clone\vendor\laravel\framework\src\Illuminate\Routing\Router.php(675): Illuminate\Routing\Router->dispatchToRoute(Object(Illuminate\Http\Request))
#38 C:\Users\uzytkownik\development\satelizer_clone\vendor\laravel\framework\src\Illuminate\Foundation\Http\Kernel.php(246): Illuminate\Routing\Router->dispatch(Object(Illuminate\Http\Request))
#39 [internal function]: Illuminate\Foundation\Http\Kernel->Illuminate\Foundation\Http\{closure}(Object(Illuminate\Http\Request))
#40 C:\Users\uzytkownik\development\satelizer_clone\vendor\laravel\framework\src\Illuminate\Routing\Pipeline.php(52): call_user_func(Object(Closure), Object(Illuminate\Http\Request))
#41 C:\Users\uzytkownik\development\satelizer_clone\vendor\laravel\framework\src\Illuminate\View\Middleware\ShareErrorsFromSession.php(49): Illuminate\Routing\Pipeline->Illuminate\Routing\{closure}(Object(Illuminate\Http\Request))
#42 [internal function]: Illuminate\View\Middleware\ShareErrorsFromSession->handle(Object(Illuminate\Http\Request), Object(Closure))
#43 C:\Users\uzytkownik\development\satelizer_clone\vendor\laravel\framework\src\Illuminate\Pipeline\Pipeline.php(136): call_user_func_array(Array, Array)
#44 [internal function]: Illuminate\Pipeline\Pipeline->Illuminate\Pipeline\{closure}(Object(Illuminate\Http\Request))
#45 C:\Users\uzytkownik\development\satelizer_clone\vendor\laravel\framework\src\Illuminate\Routing\Pipeline.php(32): call_user_func(Object(Closure), Object(Illuminate\Http\Request))
#46 C:\Users\uzytkownik\development\satelizer_clone\vendor\laravel\framework\src\Illuminate\Session\Middleware\StartSession.php(64): Illuminate\Routing\Pipeline->Illuminate\Routing\{closure}(Object(Illuminate\Http\Request))
#47 [internal function]: Illuminate\Session\Middleware\StartSession->handle(Object(Illuminate\Http\Request), Object(Closure))
#48 C:\Users\uzytkownik\development\satelizer_clone\vendor\laravel\framework\src\Illuminate\Pipeline\Pipeline.php(136): call_user_func_array(Array, Array)
#49 [internal function]: Illuminate\Pipeline\Pipeline->Illuminate\Pipeline\{closure}(Object(Illuminate\Http\Request))
#50 C:\Users\uzytkownik\development\satelizer_clone\vendor\laravel\framework\src\Illuminate\Routing\Pipeline.php(32): call_user_func(Object(Closure), Object(Illuminate\Http\Request))
#51 C:\Users\uzytkownik\development\satelizer_clone\vendor\laravel\framework\src\Illuminate\Cookie\Middleware\AddQueuedCookiesToResponse.php(37): Illuminate\Routing\Pipeline->Illuminate\Routing\{closure}(Object(Illuminate\Http\Request))
#52 [internal function]: Illuminate\Cookie\Middleware\AddQueuedCookiesToResponse->handle(Object(Illuminate\Http\Request), Object(Closure))
#53 C:\Users\uzytkownik\development\satelizer_clone\vendor\laravel\framework\src\Illuminate\Pipeline\Pipeline.php(136): call_user_func_array(Array, Array)
#54 [internal function]: Illuminate\Pipeline\Pipeline->Illuminate\Pipeline\{closure}(Object(Illuminate\Http\Request))
#55 C:\Users\uzytkownik\development\satelizer_clone\vendor\laravel\framework\src\Illuminate\Routing\Pipeline.php(32): call_user_func(Object(Closure), Object(Illuminate\Http\Request))
#56 C:\Users\uzytkownik\development\satelizer_clone\vendor\laravel\framework\src\Illuminate\Cookie\Middleware\EncryptCookies.php(59): Illuminate\Routing\Pipeline->Illuminate\Routing\{closure}(Object(Illuminate\Http\Request))
#57 [internal function]: Illuminate\Cookie\Middleware\EncryptCookies->handle(Object(Illuminate\Http\Request), Object(Closure))
#58 C:\Users\uzytkownik\development\satelizer_clone\vendor\laravel\framework\src\Illuminate\Pipeline\Pipeline.php(136): call_user_func_array(Array, Array)
#59 [internal function]: Illuminate\Pipeline\Pipeline->Illuminate\Pipeline\{closure}(Object(Illuminate\Http\Request))
#60 C:\Users\uzytkownik\development\satelizer_clone\vendor\laravel\framework\src\Illuminate\Routing\Pipeline.php(32): call_user_func(Object(Closure), Object(Illuminate\Http\Request))
#61 C:\Users\uzytkownik\development\satelizer_clone\vendor\laravel\framework\src\Illuminate\Foundation\Http\Middleware\CheckForMaintenanceMode.php(44): Illuminate\Routing\Pipeline->Illuminate\Routing\{closure}(Object(Illuminate\Http\Request))
#62 [internal function]: Illuminate\Foundation\Http\Middleware\CheckForMaintenanceMode->handle(Object(Illuminate\Http\Request), Object(Closure))
#63 C:\Users\uzytkownik\development\satelizer_clone\vendor\laravel\framework\src\Illuminate\Pipeline\Pipeline.php(136): call_user_func_array(Array, Array)
#64 [internal function]: Illuminate\Pipeline\Pipeline->Illuminate\Pipeline\{closure}(Object(Illuminate\Http\Request))
#65 C:\Users\uzytkownik\development\satelizer_clone\vendor\laravel\framework\src\Illuminate\Routing\Pipeline.php(32): call_user_func(Object(Closure), Object(Illuminate\Http\Request))
#66 [internal function]: Illuminate\Routing\Pipeline->Illuminate\Routing\{closure}(Object(Illuminate\Http\Request))
#67 C:\Users\uzytkownik\development\satelizer_clone\vendor\laravel\framework\src\Illuminate\Pipeline\Pipeline.php(103): call_user_func(Object(Closure), Object(Illuminate\Http\Request))
#68 C:\Users\uzytkownik\development\satelizer_clone\vendor\laravel\framework\src\Illuminate\Foundation\Http\Kernel.php(132): Illuminate\Pipeline\Pipeline->then(Object(Closure))
#69 C:\Users\uzytkownik\development\satelizer_clone\vendor\laravel\framework\src\Illuminate\Foundation\Http\Kernel.php(99): Illuminate\Foundation\Http\Kernel->sendRequestThroughRouter(Object(Illuminate\Http\Request))
#70 C:\Users\uzytkownik\development\satelizer_clone\public\index.php(54): Illuminate\Foundation\Http\Kernel->handle(Object(Illuminate\Http\Request))
#71 C:\Users\uzytkownik\development\satelizer_clone\server.php(21): require_once('C:\\Users\\uzytko...')
#72 {main}  
